<?xml version="1.0" encoding="UTF-8"?>
<testsuite name="cn.gov.cqaudit.tools.TestTools" tests="1" skipped="0" failures="0" errors="0" timestamp="2018-12-19T14:06:44" hostname="User-PC" time="0.35">
  <properties/>
  <testcase name="testOne" classname="cn.gov.cqaudit.tools.TestTools" time="0.35"/>
  <system-out><![CDATA[
  .   ____          _            __ _ _
 /\\ / ___'_ __ _ _(_)_ __  __ _ \ \ \ \
( ( )\___ | '_ | '_| | '_ \/ _` | \ \ \ \
 \\/  ___)| |_)| | | | | || (_| |  ) ) ) )
  '  |____| .__|_| |_|_| |_\__, | / / / /
 =========|_|==============|___/=/_/_/_/
 :: Spring Boot ::        (v2.1.1.RELEASE)

Sun Jan 21 00:12:00 CST 2018
ProvinceCity初始化成功
310120
]]></system-out>
  <system-err><![CDATA[]]></system-err>
</testsuite>
