<?xml version="1.0" encoding="UTF-8"?>
<testsuite name="cn.gov.cqaudit.big_resource.hbase_module.TestApp" tests="1" skipped="0" failures="0" errors="0" timestamp="2019-01-18T13:07:08" hostname="wl-imac.local" time="0.133">
  <properties/>
  <testcase name="testSome" classname="cn.gov.cqaudit.big_resource.hbase_module.TestApp" time="0.133"/>
  <system-out><![CDATA[
  .   ____          _            __ _ _
 /\\ / ___'_ __ _ _(_)_ __  __ _ \ \ \ \
( ( )\___ | '_ | '_| | '_ \/ _` | \ \ \ \
 \\/  ___)| |_)| | | | | || (_| |  ) ) ) )
  '  |____| .__|_| |_|_| |_\__, | / / / /
 =========|_|==============|___/=/_/_/_/
 :: Spring Boot ::        (v2.1.1.RELEASE)

初始化HBase Config
初始化HBase数据库连接成功
HbaseTemplate初始化成功
]]></system-out>
  <system-err><![CDATA[log4j:WARN No appenders could be found for logger (org.springframework.test.context.junit4.SpringJUnit4ClassRunner).
log4j:WARN Please initialize the log4j system properly.
log4j:WARN See http://logging.apache.org/log4j/1.2/faq.html#noconfig for more info.
]]></system-err>
</testsuite>
