<?xml version="1.0" encoding="UTF-8"?>
<testsuite name="cn.gov.cqaudit.big_resource.dao.TestApp" tests="1" skipped="0" failures="0" errors="0" timestamp="2018-12-25T12:11:34" hostname="DESKTOP-LVH9DL5" time="3.261">
  <properties/>
  <testcase name="testSome" classname="cn.gov.cqaudit.big_resource.dao.TestApp" time="3.261"/>
  <system-out><![CDATA[
  .   ____          _            __ _ _
 /\\ / ___'_ __ _ _(_)_ __  __ _ \ \ \ \
( ( )\___ | '_ | '_| | '_ \/ _` | \ \ \ \
 \\/  ___)| |_)| | | | | || (_| |  ) ) ) )
  '  |____| .__|_| |_|_| |_\__, | / / / /
 =========|_|==============|___/=/_/_/_/
 :: Spring Boot ::        (v2.1.1.RELEASE)

初始化HbaseDAO
初始化connection
Unable to load native-hadoop library for your platform... using builtin-java classes where applicable
初始化connection成功
510304198012211031123
]]></system-out>
  <system-err><![CDATA[SLF4J: Class path contains multiple SLF4J bindings.
SLF4J: Found binding in [jar:file:/D:/software/gradle_user_home/caches/5.0/generated-gradle-jars/gradle-api-5.0.jar!/org/slf4j/impl/StaticLoggerBinder.class]
SLF4J: Found binding in [jar:file:/D:/software/gradle_user_home/caches/modules-2/files-2.1/org.slf4j/slf4j-log4j12/1.7.25/110cefe2df103412849d72ef7a67e4e91e4266b4/slf4j-log4j12-1.7.25.jar!/org/slf4j/impl/StaticLoggerBinder.class]
SLF4J: See http://www.slf4j.org/codes.html#multiple_bindings for an explanation.
SLF4J: Actual binding is of type [org.gradle.internal.logging.slf4j.OutputEventListenerBackedLoggerContext]
]]></system-err>
</testsuite>
