<?xml version="1.0" encoding="UTF-8"?>
<testsuite name="cn.gov.cqaudit.big_resource.dao.TestApp" tests="1" skipped="0" failures="1" errors="0" timestamp="2018-12-22T12:48:19" hostname="User-PC" time="0.002">
  <properties/>
  <testcase name="testSome" classname="cn.gov.cqaudit.big_resource.dao.TestApp" time="0.002">
    <failure message="java.lang.IllegalStateException: Failed to load ApplicationContext" type="java.lang.IllegalStateException">java.lang.IllegalStateException: Failed to load ApplicationContext
	at org.springframework.test.context.cache.DefaultCacheAwareContextLoaderDelegate.loadContext(DefaultCacheAwareContextLoaderDelegate.java:125)
	at org.springframework.test.context.support.DefaultTestContext.getApplicationContext(DefaultTestContext.java:108)
	at org.springframework.test.context.support.DependencyInjectionTestExecutionListener.injectDependencies(DependencyInjectionTestExecutionListener.java:118)
	at org.springframework.test.context.support.DependencyInjectionTestExecutionListener.prepareTestInstance(DependencyInjectionTestExecutionListener.java:83)
	at org.springframework.boot.test.autoconfigure.SpringBootDependencyInjectionTestExecutionListener.prepareTestInstance(SpringBootDependencyInjectionTestExecutionListener.java:44)
	at org.springframework.test.context.TestContextManager.prepareTestInstance(TestContextManager.java:246)
	at org.springframework.test.context.junit4.SpringJUnit4ClassRunner.createTest(SpringJUnit4ClassRunner.java:227)
	at org.springframework.test.context.junit4.SpringJUnit4ClassRunner$1.runReflectiveCall(SpringJUnit4ClassRunner.java:289)
	at org.junit.internal.runners.model.ReflectiveCallable.run(ReflectiveCallable.java:12)
	at org.springframework.test.context.junit4.SpringJUnit4ClassRunner.methodBlock(SpringJUnit4ClassRunner.java:291)
	at org.springframework.test.context.junit4.SpringJUnit4ClassRunner.runChild(SpringJUnit4ClassRunner.java:246)
	at org.springframework.test.context.junit4.SpringJUnit4ClassRunner.runChild(SpringJUnit4ClassRunner.java:97)
	at org.junit.runners.ParentRunner$3.run(ParentRunner.java:290)
	at org.junit.runners.ParentRunner$1.schedule(ParentRunner.java:71)
	at org.junit.runners.ParentRunner.runChildren(ParentRunner.java:288)
	at org.junit.runners.ParentRunner.access$000(ParentRunner.java:58)
	at org.junit.runners.ParentRunner$2.evaluate(ParentRunner.java:268)
	at org.springframework.test.context.junit4.statements.RunBeforeTestClassCallbacks.evaluate(RunBeforeTestClassCallbacks.java:61)
	at org.springframework.test.context.junit4.statements.RunAfterTestClassCallbacks.evaluate(RunAfterTestClassCallbacks.java:70)
	at org.junit.runners.ParentRunner.run(ParentRunner.java:363)
	at org.springframework.test.context.junit4.SpringJUnit4ClassRunner.run(SpringJUnit4ClassRunner.java:190)
	at org.gradle.api.internal.tasks.testing.junit.JUnitTestClassExecutor.runTestClass(JUnitTestClassExecutor.java:110)
	at org.gradle.api.internal.tasks.testing.junit.JUnitTestClassExecutor.execute(JUnitTestClassExecutor.java:58)
	at org.gradle.api.internal.tasks.testing.junit.JUnitTestClassExecutor.execute(JUnitTestClassExecutor.java:38)
	at org.gradle.api.internal.tasks.testing.junit.AbstractJUnitTestClassProcessor.processTestClass(AbstractJUnitTestClassProcessor.java:66)
	at org.gradle.api.internal.tasks.testing.SuiteTestClassProcessor.processTestClass(SuiteTestClassProcessor.java:51)
	at sun.reflect.NativeMethodAccessorImpl.invoke0(Native Method)
	at sun.reflect.NativeMethodAccessorImpl.invoke(NativeMethodAccessorImpl.java:62)
	at sun.reflect.DelegatingMethodAccessorImpl.invoke(DelegatingMethodAccessorImpl.java:43)
	at java.lang.reflect.Method.invoke(Method.java:498)
	at org.gradle.internal.dispatch.ReflectionDispatch.dispatch(ReflectionDispatch.java:35)
	at org.gradle.internal.dispatch.ReflectionDispatch.dispatch(ReflectionDispatch.java:24)
	at org.gradle.internal.dispatch.ContextClassLoaderDispatch.dispatch(ContextClassLoaderDispatch.java:32)
	at org.gradle.internal.dispatch.ProxyDispatchAdapter$DispatchingInvocationHandler.invoke(ProxyDispatchAdapter.java:93)
	at com.sun.proxy.$Proxy2.processTestClass(Unknown Source)
	at org.gradle.api.internal.tasks.testing.worker.TestWorker.processTestClass(TestWorker.java:118)
	at sun.reflect.NativeMethodAccessorImpl.invoke0(Native Method)
	at sun.reflect.NativeMethodAccessorImpl.invoke(NativeMethodAccessorImpl.java:62)
	at sun.reflect.DelegatingMethodAccessorImpl.invoke(DelegatingMethodAccessorImpl.java:43)
	at java.lang.reflect.Method.invoke(Method.java:498)
	at org.gradle.internal.dispatch.ReflectionDispatch.dispatch(ReflectionDispatch.java:35)
	at org.gradle.internal.dispatch.ReflectionDispatch.dispatch(ReflectionDispatch.java:24)
	at org.gradle.internal.remote.internal.hub.MessageHubBackedObjectConnection$DispatchWrapper.dispatch(MessageHubBackedObjectConnection.java:175)
	at org.gradle.internal.remote.internal.hub.MessageHubBackedObjectConnection$DispatchWrapper.dispatch(MessageHubBackedObjectConnection.java:157)
	at org.gradle.internal.remote.internal.hub.MessageHub$Handler.run(MessageHub.java:404)
	at org.gradle.internal.concurrent.ExecutorPolicy$CatchAndRecordFailures.onExecute(ExecutorPolicy.java:63)
	at org.gradle.internal.concurrent.ManagedExecutorImpl$1.run(ManagedExecutorImpl.java:46)
	at java.util.concurrent.ThreadPoolExecutor.runWorker(ThreadPoolExecutor.java:1149)
	at java.util.concurrent.ThreadPoolExecutor$Worker.run(ThreadPoolExecutor.java:624)
	at org.gradle.internal.concurrent.ThreadFactoryImpl$ManagedThreadRunnable.run(ThreadFactoryImpl.java:55)
	at java.lang.Thread.run(Thread.java:748)
Caused by: org.springframework.beans.factory.BeanCreationException: Error creating bean with name 'hadoopConfiguration' defined in class path resource [org/springframework/data/hadoop/config/annotation/configuration/SpringHadoopConfiguration.class]: Bean instantiation via factory method failed; nested exception is org.springframework.beans.BeanInstantiationException: Failed to instantiate [org.apache.hadoop.conf.Configuration]: Factory method 'configuration' threw exception; nested exception is java.lang.NoSuchMethodError: org.springframework.data.hadoop.config.annotation.builders.HadoopConfigConfigurer.jobHistoryAddress(Ljava/lang/String;)Lorg/springframework/data/hadoop/config/annotation/builders/HadoopConfigConfigurer;
	at org.springframework.beans.factory.support.ConstructorResolver.instantiate(ConstructorResolver.java:627)
	at org.springframework.beans.factory.support.ConstructorResolver.instantiateUsingFactoryMethod(ConstructorResolver.java:456)
	at org.springframework.beans.factory.support.AbstractAutowireCapableBeanFactory.instantiateUsingFactoryMethod(AbstractAutowireCapableBeanFactory.java:1288)
	at org.springframework.beans.factory.support.AbstractAutowireCapableBeanFactory.createBeanInstance(AbstractAutowireCapableBeanFactory.java:1127)
	at org.springframework.beans.factory.support.AbstractAutowireCapableBeanFactory.doCreateBean(AbstractAutowireCapableBeanFactory.java:538)
	at org.springframework.beans.factory.support.AbstractAutowireCapableBeanFactory.createBean(AbstractAutowireCapableBeanFactory.java:498)
	at org.springframework.beans.factory.support.AbstractBeanFactory.lambda$doGetBean$0(AbstractBeanFactory.java:320)
	at org.springframework.beans.factory.support.DefaultSingletonBeanRegistry.getSingleton(DefaultSingletonBeanRegistry.java:222)
	at org.springframework.beans.factory.support.AbstractBeanFactory.doGetBean(AbstractBeanFactory.java:318)
	at org.springframework.beans.factory.support.AbstractBeanFactory.getBean(AbstractBeanFactory.java:199)
	at org.springframework.beans.factory.support.DefaultListableBeanFactory.preInstantiateSingletons(DefaultListableBeanFactory.java:846)
	at org.springframework.context.support.AbstractApplicationContext.finishBeanFactoryInitialization(AbstractApplicationContext.java:863)
	at org.springframework.context.support.AbstractApplicationContext.refresh(AbstractApplicationContext.java:546)
	at org.springframework.boot.SpringApplication.refresh(SpringApplication.java:775)
	at org.springframework.boot.SpringApplication.refreshContext(SpringApplication.java:397)
	at org.springframework.boot.SpringApplication.run(SpringApplication.java:316)
	at org.springframework.boot.test.context.SpringBootContextLoader.loadContext(SpringBootContextLoader.java:127)
	at org.springframework.test.context.cache.DefaultCacheAwareContextLoaderDelegate.loadContextInternal(DefaultCacheAwareContextLoaderDelegate.java:99)
	at org.springframework.test.context.cache.DefaultCacheAwareContextLoaderDelegate.loadContext(DefaultCacheAwareContextLoaderDelegate.java:117)
	... 50 more
Caused by: org.springframework.beans.BeanInstantiationException: Failed to instantiate [org.apache.hadoop.conf.Configuration]: Factory method 'configuration' threw exception; nested exception is java.lang.NoSuchMethodError: org.springframework.data.hadoop.config.annotation.builders.HadoopConfigConfigurer.jobHistoryAddress(Ljava/lang/String;)Lorg/springframework/data/hadoop/config/annotation/builders/HadoopConfigConfigurer;
	at org.springframework.beans.factory.support.SimpleInstantiationStrategy.instantiate(SimpleInstantiationStrategy.java:185)
	at org.springframework.beans.factory.support.ConstructorResolver.instantiate(ConstructorResolver.java:622)
	... 68 more
Caused by: java.lang.NoSuchMethodError: org.springframework.data.hadoop.config.annotation.builders.HadoopConfigConfigurer.jobHistoryAddress(Ljava/lang/String;)Lorg/springframework/data/hadoop/config/annotation/builders/HadoopConfigConfigurer;
	at org.springframework.data.hadoop.boot.HadoopAutoConfiguration$SpringHadoopConfig.configure(HadoopAutoConfiguration.java:50)
	at org.springframework.data.hadoop.config.annotation.SpringHadoopConfigurerAdapter.getConfigBuilder(SpringHadoopConfigurerAdapter.java:73)
	at org.springframework.data.hadoop.config.annotation.SpringHadoopConfigurerAdapter.init(SpringHadoopConfigurerAdapter.java:47)
	at org.springframework.data.hadoop.config.annotation.SpringHadoopConfigurerAdapter.init(SpringHadoopConfigurerAdapter.java:33)
	at org.springframework.data.hadoop.boot.HadoopAutoConfiguration$SpringHadoopConfig$$EnhancerBySpringCGLIB$$7413952b.init(&lt;generated&gt;)
	at org.springframework.data.hadoop.config.common.annotation.AbstractConfiguredAnnotationBuilder.initMainConfigurers(AbstractConfiguredAnnotationBuilder.java:390)
	at org.springframework.data.hadoop.config.common.annotation.AbstractConfiguredAnnotationBuilder.doBuild(AbstractConfiguredAnnotationBuilder.java:101)
	at org.springframework.data.hadoop.config.common.annotation.AbstractAnnotationBuilder.build(AbstractAnnotationBuilder.java:40)
	at org.springframework.data.hadoop.config.common.annotation.AbstractConfiguredAnnotationBuilder.getOrBuild(AbstractConfiguredAnnotationBuilder.java:129)
	at org.springframework.data.hadoop.config.annotation.configuration.SpringHadoopConfiguration.configuration(SpringHadoopConfiguration.java:68)
	at org.springframework.data.hadoop.config.annotation.configuration.SpringHadoopConfiguration$$EnhancerBySpringCGLIB$$4e53b9b2.CGLIB$configuration$0(&lt;generated&gt;)
	at org.springframework.data.hadoop.config.annotation.configuration.SpringHadoopConfiguration$$EnhancerBySpringCGLIB$$4e53b9b2$$FastClassBySpringCGLIB$$533030e2.invoke(&lt;generated&gt;)
	at org.springframework.cglib.proxy.MethodProxy.invokeSuper(MethodProxy.java:244)
	at org.springframework.context.annotation.ConfigurationClassEnhancer$BeanMethodInterceptor.intercept(ConfigurationClassEnhancer.java:363)
	at org.springframework.data.hadoop.config.annotation.configuration.SpringHadoopConfiguration$$EnhancerBySpringCGLIB$$4e53b9b2.configuration(&lt;generated&gt;)
	at sun.reflect.NativeMethodAccessorImpl.invoke0(Native Method)
	at sun.reflect.NativeMethodAccessorImpl.invoke(NativeMethodAccessorImpl.java:62)
	at sun.reflect.DelegatingMethodAccessorImpl.invoke(DelegatingMethodAccessorImpl.java:43)
	at java.lang.reflect.Method.invoke(Method.java:498)
	at org.springframework.beans.factory.support.SimpleInstantiationStrategy.instantiate(SimpleInstantiationStrategy.java:154)
	... 69 more
</failure>
  </testcase>
  <system-out><![CDATA[
  .   ____          _            __ _ _
 /\\ / ___'_ __ _ _(_)_ __  __ _ \ \ \ \
( ( )\___ | '_ | '_| | '_ \/ _` | \ \ \ \
 \\/  ___)| |_)| | | | | || (_| |  ) ) ) )
  '  |____| .__|_| |_|_| |_\__, | / / / /
 =========|_|==============|___/=/_/_/_/
 :: Spring Boot ::        (v2.1.1.RELEASE)

Exception encountered during context initialization - cancelling refresh attempt: org.springframework.beans.factory.BeanCreationException: Error creating bean with name 'hadoopConfiguration' defined in class path resource [org/springframework/data/hadoop/config/annotation/configuration/SpringHadoopConfiguration.class]: Bean instantiation via factory method failed; nested exception is org.springframework.beans.BeanInstantiationException: Failed to instantiate [org.apache.hadoop.conf.Configuration]: Factory method 'configuration' threw exception; nested exception is java.lang.NoSuchMethodError: org.springframework.data.hadoop.config.annotation.builders.HadoopConfigConfigurer.jobHistoryAddress(Ljava/lang/String;)Lorg/springframework/data/hadoop/config/annotation/builders/HadoopConfigConfigurer;

  .   ____          _            __ _ _
 /\\ / ___'_ __ _ _(_)_ __  __ _ \ \ \ \
( ( )\___ | '_ | '_| | '_ \/ _` | \ \ \ \
 \\/  ___)| |_)| | | | | || (_| |  ) ) ) )
  '  |____| .__|_| |_|_| |_\__, | / / / /
 =========|_|==============|___/=/_/_/_/
 :: Spring Boot ::        (v2.1.1.RELEASE)

Exception encountered during context initialization - cancelling refresh attempt: org.springframework.beans.factory.BeanCreationException: Error creating bean with name 'hadoopConfiguration' defined in class path resource [org/springframework/data/hadoop/config/annotation/configuration/SpringHadoopConfiguration.class]: Bean instantiation via factory method failed; nested exception is org.springframework.beans.BeanInstantiationException: Failed to instantiate [org.apache.hadoop.conf.Configuration]: Factory method 'configuration' threw exception; nested exception is java.lang.NoSuchMethodError: org.springframework.data.hadoop.config.annotation.builders.HadoopConfigConfigurer.jobHistoryAddress(Ljava/lang/String;)Lorg/springframework/data/hadoop/config/annotation/builders/HadoopConfigConfigurer;
]]></system-out>
  <system-err><![CDATA[SLF4J: Class path contains multiple SLF4J bindings.
SLF4J: Found binding in [jar:file:/D:/software/gradle_user_home/caches/5.0/generated-gradle-jars/gradle-api-5.0.jar!/org/slf4j/impl/StaticLoggerBinder.class]
SLF4J: Found binding in [jar:file:/D:/software/gradle_user_home/caches/modules-2/files-2.1/org.slf4j/slf4j-log4j12/1.7.25/110cefe2df103412849d72ef7a67e4e91e4266b4/slf4j-log4j12-1.7.25.jar!/org/slf4j/impl/StaticLoggerBinder.class]
SLF4J: See http://www.slf4j.org/codes.html#multiple_bindings for an explanation.
SLF4J: Actual binding is of type [org.gradle.internal.logging.slf4j.OutputEventListenerBackedLoggerContext]


***************************
APPLICATION FAILED TO START
***************************

Description:

An attempt was made to call the method org.springframework.data.hadoop.config.annotation.builders.HadoopConfigConfigurer.jobHistoryAddress(Ljava/lang/String;)Lorg/springframework/data/hadoop/config/annotation/builders/HadoopConfigConfigurer; but it does not exist. Its class, org.springframework.data.hadoop.config.annotation.builders.HadoopConfigConfigurer, is available from the following locations:

    jar:file:/D:/software/gradle_user_home/caches/modules-2/files-2.1/org.springframework.data/spring-data-hadoop/2.2.0.RELEASE/bef7285f9bc21d95238a6d1a926bcc5f170d0a21/spring-data-hadoop-2.2.0.RELEASE.jar!/org/springframework/data/hadoop/config/annotation/builders/HadoopConfigConfigurer.class
    jar:file:/D:/software/gradle_user_home/caches/modules-2/files-2.1/org.springframework.data/spring-data-hadoop-config/2.5.0.RELEASE/4068f20e632664ca47d116a7a0fdf4042e81e5fa/spring-data-hadoop-config-2.5.0.RELEASE.jar!/org/springframework/data/hadoop/config/annotation/builders/HadoopConfigConfigurer.class

It was loaded from the following location:

    file:/D:/software/gradle_user_home/caches/modules-2/files-2.1/org.springframework.data/spring-data-hadoop/2.2.0.RELEASE/bef7285f9bc21d95238a6d1a926bcc5f170d0a21/spring-data-hadoop-2.2.0.RELEASE.jar


Action:

Correct the classpath of your application so that it contains a single, compatible version of org.springframework.data.hadoop.config.annotation.builders.HadoopConfigConfigurer



***************************
APPLICATION FAILED TO START
***************************

Description:

An attempt was made to call the method org.springframework.data.hadoop.config.annotation.builders.HadoopConfigConfigurer.jobHistoryAddress(Ljava/lang/String;)Lorg/springframework/data/hadoop/config/annotation/builders/HadoopConfigConfigurer; but it does not exist. Its class, org.springframework.data.hadoop.config.annotation.builders.HadoopConfigConfigurer, is available from the following locations:

    jar:file:/D:/software/gradle_user_home/caches/modules-2/files-2.1/org.springframework.data/spring-data-hadoop/2.2.0.RELEASE/bef7285f9bc21d95238a6d1a926bcc5f170d0a21/spring-data-hadoop-2.2.0.RELEASE.jar!/org/springframework/data/hadoop/config/annotation/builders/HadoopConfigConfigurer.class
    jar:file:/D:/software/gradle_user_home/caches/modules-2/files-2.1/org.springframework.data/spring-data-hadoop-config/2.5.0.RELEASE/4068f20e632664ca47d116a7a0fdf4042e81e5fa/spring-data-hadoop-config-2.5.0.RELEASE.jar!/org/springframework/data/hadoop/config/annotation/builders/HadoopConfigConfigurer.class

It was loaded from the following location:

    file:/D:/software/gradle_user_home/caches/modules-2/files-2.1/org.springframework.data/spring-data-hadoop/2.2.0.RELEASE/bef7285f9bc21d95238a6d1a926bcc5f170d0a21/spring-data-hadoop-2.2.0.RELEASE.jar


Action:

Correct the classpath of your application so that it contains a single, compatible version of org.springframework.data.hadoop.config.annotation.builders.HadoopConfigConfigurer

Caught exception while allowing TestExecutionListener [org.springframework.boot.test.autoconfigure.SpringBootDependencyInjectionTestExecutionListener@608afd8e] to prepare test instance [cn.gov.cqaudit.big_resource.dao.TestApp@13094bbd]
java.lang.IllegalStateException: Failed to load ApplicationContext
	at org.springframework.test.context.cache.DefaultCacheAwareContextLoaderDelegate.loadContext(DefaultCacheAwareContextLoaderDelegate.java:125)
	at org.springframework.test.context.support.DefaultTestContext.getApplicationContext(DefaultTestContext.java:108)
	at org.springframework.test.context.support.DependencyInjectionTestExecutionListener.injectDependencies(DependencyInjectionTestExecutionListener.java:118)
	at org.springframework.test.context.support.DependencyInjectionTestExecutionListener.prepareTestInstance(DependencyInjectionTestExecutionListener.java:83)
	at org.springframework.boot.test.autoconfigure.SpringBootDependencyInjectionTestExecutionListener.prepareTestInstance(SpringBootDependencyInjectionTestExecutionListener.java:44)
	at org.springframework.test.context.TestContextManager.prepareTestInstance(TestContextManager.java:246)
	at org.springframework.test.context.junit4.SpringJUnit4ClassRunner.createTest(SpringJUnit4ClassRunner.java:227)
	at org.springframework.test.context.junit4.SpringJUnit4ClassRunner$1.runReflectiveCall(SpringJUnit4ClassRunner.java:289)
	at org.junit.internal.runners.model.ReflectiveCallable.run(ReflectiveCallable.java:12)
	at org.springframework.test.context.junit4.SpringJUnit4ClassRunner.methodBlock(SpringJUnit4ClassRunner.java:291)
	at org.springframework.test.context.junit4.SpringJUnit4ClassRunner.runChild(SpringJUnit4ClassRunner.java:246)
	at org.springframework.test.context.junit4.SpringJUnit4ClassRunner.runChild(SpringJUnit4ClassRunner.java:97)
	at org.junit.runners.ParentRunner$3.run(ParentRunner.java:290)
	at org.junit.runners.ParentRunner$1.schedule(ParentRunner.java:71)
	at org.junit.runners.ParentRunner.runChildren(ParentRunner.java:288)
	at org.junit.runners.ParentRunner.access$000(ParentRunner.java:58)
	at org.junit.runners.ParentRunner$2.evaluate(ParentRunner.java:268)
	at org.springframework.test.context.junit4.statements.RunBeforeTestClassCallbacks.evaluate(RunBeforeTestClassCallbacks.java:61)
	at org.springframework.test.context.junit4.statements.RunAfterTestClassCallbacks.evaluate(RunAfterTestClassCallbacks.java:70)
	at org.junit.runners.ParentRunner.run(ParentRunner.java:363)
	at org.springframework.test.context.junit4.SpringJUnit4ClassRunner.run(SpringJUnit4ClassRunner.java:190)
	at org.gradle.api.internal.tasks.testing.junit.JUnitTestClassExecutor.runTestClass(JUnitTestClassExecutor.java:110)
	at org.gradle.api.internal.tasks.testing.junit.JUnitTestClassExecutor.execute(JUnitTestClassExecutor.java:58)
	at org.gradle.api.internal.tasks.testing.junit.JUnitTestClassExecutor.execute(JUnitTestClassExecutor.java:38)
	at org.gradle.api.internal.tasks.testing.junit.AbstractJUnitTestClassProcessor.processTestClass(AbstractJUnitTestClassProcessor.java:66)
	at org.gradle.api.internal.tasks.testing.SuiteTestClassProcessor.processTestClass(SuiteTestClassProcessor.java:51)
	at sun.reflect.NativeMethodAccessorImpl.invoke0(Native Method)
	at sun.reflect.NativeMethodAccessorImpl.invoke(NativeMethodAccessorImpl.java:62)
	at sun.reflect.DelegatingMethodAccessorImpl.invoke(DelegatingMethodAccessorImpl.java:43)
	at java.lang.reflect.Method.invoke(Method.java:498)
	at org.gradle.internal.dispatch.ReflectionDispatch.dispatch(ReflectionDispatch.java:35)
	at org.gradle.internal.dispatch.ReflectionDispatch.dispatch(ReflectionDispatch.java:24)
	at org.gradle.internal.dispatch.ContextClassLoaderDispatch.dispatch(ContextClassLoaderDispatch.java:32)
	at org.gradle.internal.dispatch.ProxyDispatchAdapter$DispatchingInvocationHandler.invoke(ProxyDispatchAdapter.java:93)
	at com.sun.proxy.$Proxy2.processTestClass(Unknown Source)
	at org.gradle.api.internal.tasks.testing.worker.TestWorker.processTestClass(TestWorker.java:118)
	at sun.reflect.NativeMethodAccessorImpl.invoke0(Native Method)
	at sun.reflect.NativeMethodAccessorImpl.invoke(NativeMethodAccessorImpl.java:62)
	at sun.reflect.DelegatingMethodAccessorImpl.invoke(DelegatingMethodAccessorImpl.java:43)
	at java.lang.reflect.Method.invoke(Method.java:498)
	at org.gradle.internal.dispatch.ReflectionDispatch.dispatch(ReflectionDispatch.java:35)
	at org.gradle.internal.dispatch.ReflectionDispatch.dispatch(ReflectionDispatch.java:24)
	at org.gradle.internal.remote.internal.hub.MessageHubBackedObjectConnection$DispatchWrapper.dispatch(MessageHubBackedObjectConnection.java:175)
	at org.gradle.internal.remote.internal.hub.MessageHubBackedObjectConnection$DispatchWrapper.dispatch(MessageHubBackedObjectConnection.java:157)
	at org.gradle.internal.remote.internal.hub.MessageHub$Handler.run(MessageHub.java:404)
	at org.gradle.internal.concurrent.ExecutorPolicy$CatchAndRecordFailures.onExecute(ExecutorPolicy.java:63)
	at org.gradle.internal.concurrent.ManagedExecutorImpl$1.run(ManagedExecutorImpl.java:46)
	at java.util.concurrent.ThreadPoolExecutor.runWorker(ThreadPoolExecutor.java:1149)
	at java.util.concurrent.ThreadPoolExecutor$Worker.run(ThreadPoolExecutor.java:624)
	at org.gradle.internal.concurrent.ThreadFactoryImpl$ManagedThreadRunnable.run(ThreadFactoryImpl.java:55)
	at java.lang.Thread.run(Thread.java:748)
Caused by: org.springframework.beans.factory.BeanCreationException: Error creating bean with name 'hadoopConfiguration' defined in class path resource [org/springframework/data/hadoop/config/annotation/configuration/SpringHadoopConfiguration.class]: Bean instantiation via factory method failed; nested exception is org.springframework.beans.BeanInstantiationException: Failed to instantiate [org.apache.hadoop.conf.Configuration]: Factory method 'configuration' threw exception; nested exception is java.lang.NoSuchMethodError: org.springframework.data.hadoop.config.annotation.builders.HadoopConfigConfigurer.jobHistoryAddress(Ljava/lang/String;)Lorg/springframework/data/hadoop/config/annotation/builders/HadoopConfigConfigurer;
	at org.springframework.beans.factory.support.ConstructorResolver.instantiate(ConstructorResolver.java:627)
	at org.springframework.beans.factory.support.ConstructorResolver.instantiateUsingFactoryMethod(ConstructorResolver.java:456)
	at org.springframework.beans.factory.support.AbstractAutowireCapableBeanFactory.instantiateUsingFactoryMethod(AbstractAutowireCapableBeanFactory.java:1288)
	at org.springframework.beans.factory.support.AbstractAutowireCapableBeanFactory.createBeanInstance(AbstractAutowireCapableBeanFactory.java:1127)
	at org.springframework.beans.factory.support.AbstractAutowireCapableBeanFactory.doCreateBean(AbstractAutowireCapableBeanFactory.java:538)
	at org.springframework.beans.factory.support.AbstractAutowireCapableBeanFactory.createBean(AbstractAutowireCapableBeanFactory.java:498)
	at org.springframework.beans.factory.support.AbstractBeanFactory.lambda$doGetBean$0(AbstractBeanFactory.java:320)
	at org.springframework.beans.factory.support.DefaultSingletonBeanRegistry.getSingleton(DefaultSingletonBeanRegistry.java:222)
	at org.springframework.beans.factory.support.AbstractBeanFactory.doGetBean(AbstractBeanFactory.java:318)
	at org.springframework.beans.factory.support.AbstractBeanFactory.getBean(AbstractBeanFactory.java:199)
	at org.springframework.beans.factory.support.DefaultListableBeanFactory.preInstantiateSingletons(DefaultListableBeanFactory.java:846)
	at org.springframework.context.support.AbstractApplicationContext.finishBeanFactoryInitialization(AbstractApplicationContext.java:863)
	at org.springframework.context.support.AbstractApplicationContext.refresh(AbstractApplicationContext.java:546)
	at org.springframework.boot.SpringApplication.refresh(SpringApplication.java:775)
	at org.springframework.boot.SpringApplication.refreshContext(SpringApplication.java:397)
	at org.springframework.boot.SpringApplication.run(SpringApplication.java:316)
	at org.springframework.boot.test.context.SpringBootContextLoader.loadContext(SpringBootContextLoader.java:127)
	at org.springframework.test.context.cache.DefaultCacheAwareContextLoaderDelegate.loadContextInternal(DefaultCacheAwareContextLoaderDelegate.java:99)
	at org.springframework.test.context.cache.DefaultCacheAwareContextLoaderDelegate.loadContext(DefaultCacheAwareContextLoaderDelegate.java:117)
	... 50 more
Caused by: org.springframework.beans.BeanInstantiationException: Failed to instantiate [org.apache.hadoop.conf.Configuration]: Factory method 'configuration' threw exception; nested exception is java.lang.NoSuchMethodError: org.springframework.data.hadoop.config.annotation.builders.HadoopConfigConfigurer.jobHistoryAddress(Ljava/lang/String;)Lorg/springframework/data/hadoop/config/annotation/builders/HadoopConfigConfigurer;
	at org.springframework.beans.factory.support.SimpleInstantiationStrategy.instantiate(SimpleInstantiationStrategy.java:185)
	at org.springframework.beans.factory.support.ConstructorResolver.instantiate(ConstructorResolver.java:622)
	... 68 more
Caused by: java.lang.NoSuchMethodError: org.springframework.data.hadoop.config.annotation.builders.HadoopConfigConfigurer.jobHistoryAddress(Ljava/lang/String;)Lorg/springframework/data/hadoop/config/annotation/builders/HadoopConfigConfigurer;
	at org.springframework.data.hadoop.boot.HadoopAutoConfiguration$SpringHadoopConfig.configure(HadoopAutoConfiguration.java:50)
	at org.springframework.data.hadoop.config.annotation.SpringHadoopConfigurerAdapter.getConfigBuilder(SpringHadoopConfigurerAdapter.java:73)
	at org.springframework.data.hadoop.config.annotation.SpringHadoopConfigurerAdapter.init(SpringHadoopConfigurerAdapter.java:47)
	at org.springframework.data.hadoop.config.annotation.SpringHadoopConfigurerAdapter.init(SpringHadoopConfigurerAdapter.java:33)
	at org.springframework.data.hadoop.boot.HadoopAutoConfiguration$SpringHadoopConfig$$EnhancerBySpringCGLIB$$7413952b.init(<generated>)
	at org.springframework.data.hadoop.config.common.annotation.AbstractConfiguredAnnotationBuilder.initMainConfigurers(AbstractConfiguredAnnotationBuilder.java:390)
	at org.springframework.data.hadoop.config.common.annotation.AbstractConfiguredAnnotationBuilder.doBuild(AbstractConfiguredAnnotationBuilder.java:101)
	at org.springframework.data.hadoop.config.common.annotation.AbstractAnnotationBuilder.build(AbstractAnnotationBuilder.java:40)
	at org.springframework.data.hadoop.config.common.annotation.AbstractConfiguredAnnotationBuilder.getOrBuild(AbstractConfiguredAnnotationBuilder.java:129)
	at org.springframework.data.hadoop.config.annotation.configuration.SpringHadoopConfiguration.configuration(SpringHadoopConfiguration.java:68)
	at org.springframework.data.hadoop.config.annotation.configuration.SpringHadoopConfiguration$$EnhancerBySpringCGLIB$$4e53b9b2.CGLIB$configuration$0(<generated>)
	at org.springframework.data.hadoop.config.annotation.configuration.SpringHadoopConfiguration$$EnhancerBySpringCGLIB$$4e53b9b2$$FastClassBySpringCGLIB$$533030e2.invoke(<generated>)
	at org.springframework.cglib.proxy.MethodProxy.invokeSuper(MethodProxy.java:244)
	at org.springframework.context.annotation.ConfigurationClassEnhancer$BeanMethodInterceptor.intercept(ConfigurationClassEnhancer.java:363)
	at org.springframework.data.hadoop.config.annotation.configuration.SpringHadoopConfiguration$$EnhancerBySpringCGLIB$$4e53b9b2.configuration(<generated>)
	at sun.reflect.NativeMethodAccessorImpl.invoke0(Native Method)
	at sun.reflect.NativeMethodAccessorImpl.invoke(NativeMethodAccessorImpl.java:62)
	at sun.reflect.DelegatingMethodAccessorImpl.invoke(DelegatingMethodAccessorImpl.java:43)
	at java.lang.reflect.Method.invoke(Method.java:498)
	at org.springframework.beans.factory.support.SimpleInstantiationStrategy.instantiate(SimpleInstantiationStrategy.java:154)
	... 69 more
]]></system-err>
</testsuite>
