<?xml version="1.0" encoding="UTF-8"?>
<testsuite name="cn.gov.cqaudit.generate_data.TestGenerate" tests="1" skipped="0" failures="0" errors="0" timestamp="2018-12-08T14:36:18" hostname="wanglideiMac.local" time="0.042">
  <properties/>
  <testcase name="testGenerateData()" classname="cn.gov.cqaudit.generate_data.TestGenerate" time="0.042"/>
  <system-out><![CDATA[]]></system-out>
  <system-err><![CDATA[]]></system-err>
</testsuite>
