<?xml version="1.0" encoding="UTF-8"?>
<testsuite name="cn.gov.cqaudit.generate_data.TestGenerate" tests="1" skipped="0" failures="0" errors="0" timestamp="2018-12-09T12:01:18" hostname="wanglideiMac.local" time="0.011">
  <properties/>
  <testcase name="testGenerateData()" classname="cn.gov.cqaudit.generate_data.TestGenerate" time="0.011"/>
  <system-out><![CDATA[test start1
错误java.lang.NullPointerException
]]></system-out>
  <system-err><![CDATA[]]></system-err>
</testsuite>
